<?xml version="1.0" encoding="UTF-8"?>
<!-- Generated by org.testng.reporters.JUnitXMLReporter -->
<testsuite hostname="DebagnikWorkStation" name="Default test" tests="4" failures="0" timestamp="4 Jul 2022 08:34:58 GMT" time="5.987" errors="0">
  <testcase name="firstPOST" time="2.575" classname="org.assign.Restassured.project"/>
  <testcase name="firstPUT" time="1.106" classname="org.assign.Restassured.project"/>
  <testcase name="login" time="1.205" classname="org.assign.Restassured.project"/>
  <testcase name="firstDELETE" time="1.09" classname="org.assign.Restassured.project"/>
</testsuite> <!-- Default test -->
